NODE_ENV is not defined! Using default development environment
NNB Wechat-API server listening on port 9002
[2014-12-19 14:04:29] 127.0.0.1 GET / 404 13 -7.069 ms
[2014-12-19 14:04:30] 127.0.0.1 GET /api/wechat/test 200 10 -2.785 ms
error: Forever detected script exited with code: 1
Application loaded using the "production" environment configuration
[2015-01-06 13:01:29] NNB Wechat-API server listening on port 9002
error: Forever detected script exited with code: 1
error: Script restart attempt #1
Application loaded using the "production" environment configuration
[2015-01-06 13:02:54] NNB Wechat-API server listening on port 9002
error: Forever detected script exited with code: 1
NODE_ENV is not defined! Using default development environment
[2015-01-06 13:32:41] NNB Wechat-API server listening on port 9002
error: Forever detected script exited with code: 1
error: Script restart attempt #1
NODE_ENV is not defined! Using default development environment
[2015-01-06 13:33:37] NNB Wechat-API server listening on port 9002
error: Forever detected script exited with code: 1
NODE_ENV is not defined! Using default development environment
[2015-01-06 13:46:16] NNB Wechat-API server listening on port 9002
error: Forever detected script exited with code: 1
error: Script restart attempt #1
NODE_ENV is not defined! Using default development environment
[2015-01-06 13:46:35] NNB Wechat-API server listening on port 9002
error: Forever detected script exited with code: 1
error: Script restart attempt #1
NODE_ENV is not defined! Using default development environment
[2015-01-06 13:46:56] NNB Wechat-API server listening on port 9002
error: Forever detected script exited with code: 1
NODE_ENV is not defined! Using default development environment
[2015-01-06 13:50:29] NNB Wechat-API server listening on port 9002
error: Forever detected script exited with code: 1
NODE_ENV is not defined! Using default development environment
[2015-01-06 14:28:08] NNB Wechat-API server listening on port 9002
error: Forever detected script exited with code: 1
NODE_ENV is not defined! Using default development environment
[2015-01-06 14:28:57] NNB Wechat-API server listening on port 9002
error: Forever detected script exited with code: 1
Application loaded using the "production" environment configuration
[2015-01-06 14:29:25] NNB Wechat-API server listening on port 9002
error: Forever detected script exited with code: 1
Application loaded using the "production" environment configuration
[2015-01-06 14:29:52] NNB Wechat-API server listening on port 9002
error: Forever detected script exited with code: 1
NODE_ENV is not defined! Using default development environment
[2015-01-06 14:30:39] NNB Wechat-API server listening on port 9002
error: Forever detected script exited with code: 1
Application loaded using the "production" environment configuration
[2015-01-06 14:31:59] NNB Wechat-API server listening on port 9002
error: Forever detected script exited with code: 1
