Application loaded using the "production" environment configuration
The API property deprecated, Use require("wechat-oauth") instead
[2015-01-06 13:01:29] NNB application started on port 9001
error: Forever detected script exited with code: 1
error: Script restart attempt #1
Application loaded using the "production" environment configuration
The API property deprecated, Use require("wechat-oauth") instead
[2015-01-06 13:01:51] NNB application started on port 9001
error: Forever detected script exited with code: 1
error: Script restart attempt #1
Application loaded using the "production" environment configuration
The API property deprecated, Use require("wechat-oauth") instead
[2015-01-06 13:02:18] NNB application started on port 9001
error: Forever detected script exited with code: 1
error: Script restart attempt #1
Application loaded using the "production" environment configuration
The API property deprecated, Use require("wechat-oauth") instead
[2015-01-06 13:02:54] NNB application started on port 9001
error: Forever detected script exited with code: 1
NODE_ENV is not defined! Using default development environment
The API property deprecated, Use require("wechat-oauth") instead
[2015-01-06 13:32:42] NNB application started on port 9001
error: Forever detected script exited with code: 1
error: Script restart attempt #1
NODE_ENV is not defined! Using default development environment
The API property deprecated, Use require("wechat-oauth") instead
[2015-01-06 13:33:38] NNB application started on port 9001
[2015-01-06 13:39:41] 127.0.0.1 GET / 200 - -71.928 ms
error: Forever detected script exited with code: 1
NODE_ENV is not defined! Using default development environment
The API property deprecated, Use require("wechat-oauth") instead
[2015-01-06 13:46:17] NNB application started on port 9001
error: Forever detected script exited with code: 1
error: Script restart attempt #1
NODE_ENV is not defined! Using default development environment
The API property deprecated, Use require("wechat-oauth") instead
[2015-01-06 13:46:36] NNB application started on port 9001
error: Forever detected script exited with code: 1
error: Script restart attempt #1
NODE_ENV is not defined! Using default development environment
The API property deprecated, Use require("wechat-oauth") instead
[2015-01-06 13:46:56] NNB application started on port 9001
[2015-01-06 13:47:04] 127.0.0.1 GET / 304 - -52.816 ms
error: Forever detected script exited with code: 1
NODE_ENV is not defined! Using default development environment
The API property deprecated, Use require("wechat-oauth") instead
[2015-01-06 13:50:29] NNB application started on port 9001
[2015-01-06 13:50:30] 127.0.0.1 GET / 304 - -56.298 ms
error: Forever detected script exited with code: 1
NODE_ENV is not defined! Using default development environment
The API property deprecated, Use require("wechat-oauth") instead
[2015-01-06 14:28:09] NNB application started on port 9001
error: Forever detected script exited with code: 1
NODE_ENV is not defined! Using default development environment
The API property deprecated, Use require("wechat-oauth") instead
[2015-01-06 14:28:58] NNB application started on port 9001
error: Forever detected script exited with code: 1
Application loaded using the "production" environment configuration
The API property deprecated, Use require("wechat-oauth") instead
[2015-01-06 14:29:25] NNB application started on port 9001
error: Forever detected script exited with code: 1
Application loaded using the "production" environment configuration
The API property deprecated, Use require("wechat-oauth") instead
[2015-01-06 14:29:52] NNB application started on port 9001
error: Forever detected script exited with code: 1
NODE_ENV is not defined! Using default development environment
The API property deprecated, Use require("wechat-oauth") instead
[2015-01-06 14:30:39] NNB application started on port 9001
[2015-01-06 14:31:19] 127.0.0.1 GET / 304 - -56.992 ms
error: Forever detected script exited with code: 1
Application loaded using the "production" environment configuration
The API property deprecated, Use require("wechat-oauth") instead
[2015-01-06 14:31:59] NNB application started on port 9001
error: Forever detected script exited with code: 1
